<?xml version="1.0" encoding="UTF-8"?>
<!-- Generated by org.testng.reporters.JUnitXMLReporter -->
<testsuite ignored="0" hostname="DESKTOP-1823AU4" failures="1" tests="1" name="Test" time="3.414" errors="0" timestamp="2024-05-09T15:53:26 IST">
  <testcase classname="io.cucumber.testng.AbstractTestNGCucumberTests" name="runScenario" time="0.0">
    <failure type="org.testng.TestNGException" message="
Data Provider public java.lang.Object[][] mytestrunner.Singlebrowserrunner.scenarios() returned a null value">
      <![CDATA[org.testng.TestNGException: 
Data Provider public java.lang.Object[][] mytestrunner.Singlebrowserrunner.scenarios() returned a null value
at java.base/java.util.ArrayList.forEach(ArrayList.java:1511)
... Removed 24 stack frames]]>
    </failure>
  </testcase> <!-- runScenario -->
</testsuite> <!-- Test -->
